0 info it worked if it ends with ok
1 verbose cli [ 'C:\\Program Files\\nodejs\\node.exe',
1 verbose cli   'C:\\Program Files\\nodejs\\node_modules\\npm\\bin\\npm-cli.js',
1 verbose cli   'run',
1 verbose cli   'client' ]
2 info using npm@5.6.0
3 info using node@v8.11.4
4 verbose run-script [ 'preclient', 'client', 'postclient' ]
5 info lifecycle emaily@1.0.0~preclient: emaily@1.0.0
6 info lifecycle emaily@1.0.0~client: emaily@1.0.0
7 verbose lifecycle emaily@1.0.0~client: unsafe-perm in lifecycle true
8 verbose lifecycle emaily@1.0.0~client: PATH: C:\Program Files\nodejs\node_modules\npm\node_modules\npm-lifecycle\node-gyp-bin;C:\Users\Gary\project\emaily\node_modules\.bin;C:\Program Files\nodejs\node_modules\npm\node_modules\npm-lifecycle\node-gyp-bin;C:\Users\Gary\project\emaily\node_modules\.bin;C:\Program Files\Git\mingw64\bin;C:\Program Files\Git\usr\bin;C:\Users\Gary\bin;C:\ProgramData\Oracle\Java\javapath;C:\Program Files (x86)\Intel\TXE Components\TCS;C:\Program Files\Intel\TXE Components\TCS;C:\Windows\system32;C:\Windows;C:\Windows\System32\Wbem;C:\Windows\System32\WindowsPowerShell\v1.0;C:\Program Files\Hewlett-Packard\SimplePass;C:\Program Files (x86)\Skype\Phone;C:\Program Files (x86)\Amazon\AWSCLI;C:\Program Files\Microsoft SQL Server\Client SDK\ODBC\130\Tools\Binn;C:\Program Files (x86)\Microsoft SQL Server\140\Tools\Binn;C:\Program Files\Microsoft SQL Server\140\Tools\Binn;C:\Program Files\Microsoft SQL Server\140\DTS\Binn;C:\Program Files\Microsoft VS Code\bin;C:\Program Files\Git\cmd;C:\Program Files\nodejs;C:\Program Files\Microsoft SQL Server\130\Tools\Binn;C:\Program Files\dotnet;C:\Users\Gary\AppData\Roaming\npm;C:\Users\Gary\AppData\Local\Programs\Microsoft VS Code\bin;C:\Users\Gary\AppData\Local\.meteor;C:\Program Files (x86)\heroku\bin
9 verbose lifecycle emaily@1.0.0~client: CWD: C:\Users\Gary\project\emaily
10 silly lifecycle emaily@1.0.0~client: Args: [ '/d /s /c', 'npm run start --prefix client' ]
11 silly lifecycle emaily@1.0.0~client: Returned: code: 1  signal: null
12 info lifecycle emaily@1.0.0~client: Failed to exec client script
13 verbose stack Error: emaily@1.0.0 client: `npm run start --prefix client`
13 verbose stack Exit status 1
13 verbose stack     at EventEmitter.<anonymous> (C:\Program Files\nodejs\node_modules\npm\node_modules\npm-lifecycle\index.js:285:16)
13 verbose stack     at emitTwo (events.js:126:13)
13 verbose stack     at EventEmitter.emit (events.js:214:7)
13 verbose stack     at ChildProcess.<anonymous> (C:\Program Files\nodejs\node_modules\npm\node_modules\npm-lifecycle\lib\spawn.js:55:14)
13 verbose stack     at emitTwo (events.js:126:13)
13 verbose stack     at ChildProcess.emit (events.js:214:7)
13 verbose stack     at maybeClose (internal/child_process.js:925:16)
13 verbose stack     at Process.ChildProcess._handle.onexit (internal/child_process.js:209:5)
14 verbose pkgid emaily@1.0.0
15 verbose cwd C:\Users\Gary\project\emaily
16 verbose Windows_NT 6.3.9600
17 verbose argv "C:\\Program Files\\nodejs\\node.exe" "C:\\Program Files\\nodejs\\node_modules\\npm\\bin\\npm-cli.js" "run" "client"
18 verbose node v8.11.4
19 verbose npm  v5.6.0
20 error code ELIFECYCLE
21 error errno 1
22 error emaily@1.0.0 client: `npm run start --prefix client`
22 error Exit status 1
23 error Failed at the emaily@1.0.0 client script.
23 error This is probably not a problem with npm. There is likely additional logging output above.
24 verbose exit [ 1, true ]
